
> db-modeler-frontend@1.0.0 dev /Users/zhongjiafeng/Desktop/5000_Project/ai-project/db-modeler/frontend
> vite


  VITE v5.4.11  ready in 133 ms

  ➜  Local:   http://localhost:3001/
  ➜  Network: http://192.168.20.236:3001/
  ➜  Network: http://192.168.64.1:3001/
  ➜  Network: http://192.168.24.15:3001/
2:55:48 PM [vite] hmr update /src/pages/Login.tsx, /src/pages/ForgotPassword.tsx, /src/pages/Register.tsx, /src/pages/AdminDashboard.tsx, /src/pages/TableSchemaDesigner.tsx, /src/pages/Dashboard.tsx, /src/pages/UserProfile.tsx, /src/pages/DatabaseDetail.tsx, /src/pages/AuditLogs.tsx, /src/components/AuthPersist.tsx
2:59:19 PM [vite] hmr update /src/pages/Login.tsx, /src/pages/ForgotPassword.tsx, /src/pages/Register.tsx, /src/pages/AdminDashboard.tsx, /src/pages/TableSchemaDesigner.tsx, /src/pages/Dashboard.tsx, /src/pages/UserProfile.tsx, /src/pages/DatabaseDetail.tsx, /src/pages/AuditLogs.tsx, /src/components/AuthPersist.tsx
3:00:13 PM [vite] hmr update /src/pages/Login.tsx, /src/pages/ForgotPassword.tsx, /src/pages/Register.tsx, /src/pages/AdminDashboard.tsx, /src/pages/TableSchemaDesigner.tsx, /src/pages/Dashboard.tsx, /src/pages/UserProfile.tsx, /src/pages/DatabaseDetail.tsx, /src/pages/AuditLogs.tsx, /src/components/AuthPersist.tsx
4:10:35 PM [vite] changed tsconfig file detected: /Users/zhongjiafeng/Desktop/5000_Project/ai-project/db-modeler/frontend/tsconfig.json - Clearing cache and forcing full-reload to ensure TypeScript is compiled with updated config values.
4:10:35 PM [vite] vite.config.ts changed, restarting server...
4:10:35 PM [vite] .env changed, restarting server...
4:10:35 PM [vite] page reload index.html
4:10:35 PM [vite] hmr update /src/App.tsx
4:10:35 PM [vite] hmr update /src/components/AuthPersist.tsx
4:10:35 PM [vite] hmr update /src/components/RoleBasedAccess.tsx
4:10:35 PM [vite] page reload src/main.tsx
4:10:35 PM [vite] hmr update /src/pages/AdminDashboard.tsx
4:10:35 PM [vite] hmr update /src/pages/AuditLogs.tsx
4:10:35 PM [vite] hmr update /src/pages/Dashboard.tsx
4:10:35 PM [vite] hmr update /src/pages/DatabaseDetail.tsx
4:10:35 PM [vite] hmr update /src/pages/ForgotPassword.tsx
4:10:35 PM [vite] hmr update /src/pages/Login.tsx
4:10:35 PM [vite] hmr update /src/pages/Register.tsx
4:10:35 PM [vite] hmr update /src/pages/TableSchemaDesigner.tsx
4:10:35 PM [vite] hmr update /src/pages/UserProfile.tsx
4:10:35 PM [vite] page reload src/services/api.ts
4:10:35 PM [vite] page reload src/store/index.ts
4:10:35 PM [vite] page reload src/utils/auth.ts
(!) Could not auto-determine entry point from rollupOptions or html files and there are no explicit optimizeDeps.include patterns. Skipping dependency pre-bundling.
4:10:36 PM [vite] server restarted.

  ➜  Local:   http://localhost:3001/
  ➜  Network: use --host to expose

  ➜  Local:   http://localhost:3001/
  ➜  Network: use --host to expose
