
> db-modeler-frontend@1.0.0 dev /Users/zhongjiafeng/Desktop/5000_Project/ai-project/db-modeler/frontend
> vite


  VITE v5.4.11  ready in 115 ms

  ➜  Local:   http://localhost:3001/
  ➜  Network: http://192.168.20.236:3001/
  ➜  Network: http://192.168.64.1:3001/
10:47:46 AM [vite] hmr update /src/pages/Login.tsx, /src/pages/Register.tsx, /src/pages/ForgotPassword.tsx, /src/pages/DatabaseDetail.tsx, /src/pages/TableSchemaDesigner.tsx, /src/pages/Dashboard.tsx, /src/pages/AdminDashboard.tsx, /src/pages/UserProfile.tsx, /src/components/AuthPersist.tsx, /src/pages/AuditLogs.tsx
10:47:46 AM [vite] Pre-transform error: Failed to resolve import "pinia" from "src/stores/user.js". Does the file exist?
10:47:46 AM [vite] Pre-transform error: Failed to resolve import "vue-router" from "src/router/index.js". Does the file exist?
10:47:46 AM [vite] Internal server error: Failed to resolve import "pinia" from "src/stores/user.js". Does the file exist?
  Plugin: vite:import-analysis
  File: /Users/zhongjiafeng/Desktop/5000_Project/ai-project/db-modeler/frontend/src/stores/user.js:1:30
  1  |  import { defineStore } from 'pinia'
     |                               ^
  2  |  import { login, logout, getUserInfo } from '@/api/user'
  3  |  import { setToken, removeToken } from '@/utils/auth'
      at TransformPluginContext._formatError (file:///Users/zhongjiafeng/Desktop/5000_Project/ai-project/db-modeler/frontend/node_modules/.pnpm/vite@5.4.11_@types+node@20.17.9/node_modules/vite/dist/node/chunks/dep-CB_7IfJ-.js:49255:41)
      at TransformPluginContext.error (file:///Users/zhongjiafeng/Desktop/5000_Project/ai-project/db-modeler/frontend/node_modules/.pnpm/vite@5.4.11_@types+node@20.17.9/node_modules/vite/dist/node/chunks/dep-CB_7IfJ-.js:49250:16)
      at normalizeUrl (file:///Users/zhongjiafeng/Desktop/5000_Project/ai-project/db-modeler/frontend/node_modules/.pnpm/vite@5.4.11_@types+node@20.17.9/node_modules/vite/dist/node/chunks/dep-CB_7IfJ-.js:64041:23)
      at async file:///Users/zhongjiafeng/Desktop/5000_Project/ai-project/db-modeler/frontend/node_modules/.pnpm/vite@5.4.11_@types+node@20.17.9/node_modules/vite/dist/node/chunks/dep-CB_7IfJ-.js:64173:39
      at async Promise.all (index 0)
      at async TransformPluginContext.transform (file:///Users/zhongjiafeng/Desktop/5000_Project/ai-project/db-modeler/frontend/node_modules/.pnpm/vite@5.4.11_@types+node@20.17.9/node_modules/vite/dist/node/chunks/dep-CB_7IfJ-.js:64100:7)
      at async PluginContainer.transform (file:///Users/zhongjiafeng/Desktop/5000_Project/ai-project/db-modeler/frontend/node_modules/.pnpm/vite@5.4.11_@types+node@20.17.9/node_modules/vite/dist/node/chunks/dep-CB_7IfJ-.js:49096:18)
      at async loadAndTransform (file:///Users/zhongjiafeng/Desktop/5000_Project/ai-project/db-modeler/frontend/node_modules/.pnpm/vite@5.4.11_@types+node@20.17.9/node_modules/vite/dist/node/chunks/dep-CB_7IfJ-.js:51929:27)
10:47:46 AM [vite] Internal server error: Failed to resolve import "pinia" from "src/stores/user.js". Does the file exist?
  Plugin: vite:import-analysis
  File: /Users/zhongjiafeng/Desktop/5000_Project/ai-project/db-modeler/frontend/src/stores/user.js:1:30
  1  |  import { defineStore } from 'pinia'
     |                               ^
  2  |  import { login, logout, getUserInfo } from '@/api/user'
  3  |  import { setToken, removeToken } from '@/utils/auth'
      at TransformPluginContext._formatError (file:///Users/zhongjiafeng/Desktop/5000_Project/ai-project/db-modeler/frontend/node_modules/.pnpm/vite@5.4.11_@types+node@20.17.9/node_modules/vite/dist/node/chunks/dep-CB_7IfJ-.js:49255:41)
      at TransformPluginContext.error (file:///Users/zhongjiafeng/Desktop/5000_Project/ai-project/db-modeler/frontend/node_modules/.pnpm/vite@5.4.11_@types+node@20.17.9/node_modules/vite/dist/node/chunks/dep-CB_7IfJ-.js:49250:16)
      at normalizeUrl (file:///Users/zhongjiafeng/Desktop/5000_Project/ai-project/db-modeler/frontend/node_modules/.pnpm/vite@5.4.11_@types+node@20.17.9/node_modules/vite/dist/node/chunks/dep-CB_7IfJ-.js:64041:23)
      at async file:///Users/zhongjiafeng/Desktop/5000_Project/ai-project/db-modeler/frontend/node_modules/.pnpm/vite@5.4.11_@types+node@20.17.9/node_modules/vite/dist/node/chunks/dep-CB_7IfJ-.js:64173:39
      at async Promise.all (index 0)
      at async TransformPluginContext.transform (file:///Users/zhongjiafeng/Desktop/5000_Project/ai-project/db-modeler/frontend/node_modules/.pnpm/vite@5.4.11_@types+node@20.17.9/node_modules/vite/dist/node/chunks/dep-CB_7IfJ-.js:64100:7)
      at async PluginContainer.transform (file:///Users/zhongjiafeng/Desktop/5000_Project/ai-project/db-modeler/frontend/node_modules/.pnpm/vite@5.4.11_@types+node@20.17.9/node_modules/vite/dist/node/chunks/dep-CB_7IfJ-.js:49096:18)
      at async loadAndTransform (file:///Users/zhongjiafeng/Desktop/5000_Project/ai-project/db-modeler/frontend/node_modules/.pnpm/vite@5.4.11_@types+node@20.17.9/node_modules/vite/dist/node/chunks/dep-CB_7IfJ-.js:51929:27)
10:47:46 AM [vite] Pre-transform error: Failed to resolve import "pinia" from "src/stores/user.js". Does the file exist?
10:47:46 AM [vite] Internal server error: Failed to resolve import "vue-router" from "src/router/index.js". Does the file exist?
  Plugin: vite:import-analysis
  File: /Users/zhongjiafeng/Desktop/5000_Project/ai-project/db-modeler/frontend/src/router/index.js:1:49
  1  |  import { createRouter, createWebHistory } from 'vue-router'
     |                                                  ^
  2  |  import { useUserStore } from '@/stores/user'
  3  |  import NProgress from 'nprogress'
      at TransformPluginContext._formatError (file:///Users/zhongjiafeng/Desktop/5000_Project/ai-project/db-modeler/frontend/node_modules/.pnpm/vite@5.4.11_@types+node@20.17.9/node_modules/vite/dist/node/chunks/dep-CB_7IfJ-.js:49255:41)
      at TransformPluginContext.error (file:///Users/zhongjiafeng/Desktop/5000_Project/ai-project/db-modeler/frontend/node_modules/.pnpm/vite@5.4.11_@types+node@20.17.9/node_modules/vite/dist/node/chunks/dep-CB_7IfJ-.js:49250:16)
      at normalizeUrl (file:///Users/zhongjiafeng/Desktop/5000_Project/ai-project/db-modeler/frontend/node_modules/.pnpm/vite@5.4.11_@types+node@20.17.9/node_modules/vite/dist/node/chunks/dep-CB_7IfJ-.js:64041:23)
      at async file:///Users/zhongjiafeng/Desktop/5000_Project/ai-project/db-modeler/frontend/node_modules/.pnpm/vite@5.4.11_@types+node@20.17.9/node_modules/vite/dist/node/chunks/dep-CB_7IfJ-.js:64173:39
      at async Promise.all (index 0)
      at async TransformPluginContext.transform (file:///Users/zhongjiafeng/Desktop/5000_Project/ai-project/db-modeler/frontend/node_modules/.pnpm/vite@5.4.11_@types+node@20.17.9/node_modules/vite/dist/node/chunks/dep-CB_7IfJ-.js:64100:7)
      at async PluginContainer.transform (file:///Users/zhongjiafeng/Desktop/5000_Project/ai-project/db-modeler/frontend/node_modules/.pnpm/vite@5.4.11_@types+node@20.17.9/node_modules/vite/dist/node/chunks/dep-CB_7IfJ-.js:49096:18)
      at async loadAndTransform (file:///Users/zhongjiafeng/Desktop/5000_Project/ai-project/db-modeler/frontend/node_modules/.pnpm/vite@5.4.11_@types+node@20.17.9/node_modules/vite/dist/node/chunks/dep-CB_7IfJ-.js:51929:27)
10:47:46 AM [vite] Internal server error: Failed to resolve import "vue-router" from "src/router/index.js". Does the file exist?
  Plugin: vite:import-analysis
  File: /Users/zhongjiafeng/Desktop/5000_Project/ai-project/db-modeler/frontend/src/router/index.js:1:49
  1  |  import { createRouter, createWebHistory } from 'vue-router'
     |                                                  ^
  2  |  import { useUserStore } from '@/stores/user'
  3  |  import NProgress from 'nprogress'
      at TransformPluginContext._formatError (file:///Users/zhongjiafeng/Desktop/5000_Project/ai-project/db-modeler/frontend/node_modules/.pnpm/vite@5.4.11_@types+node@20.17.9/node_modules/vite/dist/node/chunks/dep-CB_7IfJ-.js:49255:41)
      at TransformPluginContext.error (file:///Users/zhongjiafeng/Desktop/5000_Project/ai-project/db-modeler/frontend/node_modules/.pnpm/vite@5.4.11_@types+node@20.17.9/node_modules/vite/dist/node/chunks/dep-CB_7IfJ-.js:49250:16)
      at normalizeUrl (file:///Users/zhongjiafeng/Desktop/5000_Project/ai-project/db-modeler/frontend/node_modules/.pnpm/vite@5.4.11_@types+node@20.17.9/node_modules/vite/dist/node/chunks/dep-CB_7IfJ-.js:64041:23)
      at async file:///Users/zhongjiafeng/Desktop/5000_Project/ai-project/db-modeler/frontend/node_modules/.pnpm/vite@5.4.11_@types+node@20.17.9/node_modules/vite/dist/node/chunks/dep-CB_7IfJ-.js:64173:39
      at async Promise.all (index 0)
      at async TransformPluginContext.transform (file:///Users/zhongjiafeng/Desktop/5000_Project/ai-project/db-modeler/frontend/node_modules/.pnpm/vite@5.4.11_@types+node@20.17.9/node_modules/vite/dist/node/chunks/dep-CB_7IfJ-.js:64100:7)
      at async PluginContainer.transform (file:///Users/zhongjiafeng/Desktop/5000_Project/ai-project/db-modeler/frontend/node_modules/.pnpm/vite@5.4.11_@types+node@20.17.9/node_modules/vite/dist/node/chunks/dep-CB_7IfJ-.js:49096:18)
      at async loadAndTransform (file:///Users/zhongjiafeng/Desktop/5000_Project/ai-project/db-modeler/frontend/node_modules/.pnpm/vite@5.4.11_@types+node@20.17.9/node_modules/vite/dist/node/chunks/dep-CB_7IfJ-.js:51929:27)
10:47:46 AM [vite] Pre-transform error: Failed to resolve import "pinia" from "src/stores/user.js". Does the file exist?
