2024-12-08 00:02:32.758 [main] ERROR o.s.b.d.LoggingFailureAnalysisReporter - 

***************************
APPLICATION FAILED TO START
***************************

Description:

Field passwordEncoder in com.db.modeler.service.impl.AuthServiceImpl required a bean of type 'org.springframework.security.crypto.password.PasswordEncoder' that could not be found.

The injection point has the following annotations:
	- @org.springframework.beans.factory.annotation.Autowired(required=true)


Action:

Consider defining a bean of type 'org.springframework.security.crypto.password.PasswordEncoder' in your configuration.

2024-12-08 00:19:51.983 [main] ERROR o.s.boot.SpringApplication - Application run failed
org.springframework.beans.factory.UnsatisfiedDependencyException: Error creating bean with name 'authController': Unsatisfied dependency expressed through field 'authService'; nested exception is org.springframework.beans.factory.UnsatisfiedDependencyException: Error creating bean with name 'authServiceImpl': Unsatisfied dependency expressed through field 'userMapper'; nested exception is org.springframework.beans.factory.UnsatisfiedDependencyException: Error creating bean with name 'userMapper' defined in file [/Users/zhongjiafeng/Desktop/5000_Project/ai-project/db-modeler/db-modeler-java/target/classes/com/db/modeler/mapper/UserMapper.class]: Unsatisfied dependency expressed through bean property 'sqlSessionFactory'; nested exception is org.springframework.beans.factory.BeanCreationException: Error creating bean with name 'sqlSessionFactory' defined in class path resource [org/mybatis/spring/boot/autoconfigure/MybatisAutoConfiguration.class]: Bean instantiation via factory method failed; nested exception is org.springframework.beans.BeanInstantiationException: Failed to instantiate [org.apache.ibatis.session.SqlSessionFactory]: Factory method 'sqlSessionFactory' threw exception; nested exception is org.springframework.core.NestedIOException: Failed to parse mapping resource: 'file [/Users/zhongjiafeng/Desktop/5000_Project/ai-project/db-modeler/db-modeler-java/target/classes/mapper/TableDesignRepository.xml]'; nested exception is org.apache.ibatis.builder.BuilderException: Error parsing Mapper XML. The XML location is 'file [/Users/zhongjiafeng/Desktop/5000_Project/ai-project/db-modeler/db-modeler-java/target/classes/mapper/TableDesignRepository.xml]'. Cause: java.lang.IllegalArgumentException: Mapped Statements collection already contains value for com.db.modeler.repository.TableDesignRepository.findById. please check file [/Users/zhongjiafeng/Desktop/5000_Project/ai-project/db-modeler/db-modeler-java/target/classes/mapper/TableDesignMapper.xml] and file [/Users/zhongjiafeng/Desktop/5000_Project/ai-project/db-modeler/db-modeler-java/target/classes/mapper/TableDesignRepository.xml]
	at org.springframework.beans.factory.annotation.AutowiredAnnotationBeanPostProcessor$AutowiredFieldElement.resolveFieldValue(AutowiredAnnotationBeanPostProcessor.java:659)
	at org.springframework.beans.factory.annotation.AutowiredAnnotationBeanPostProcessor$AutowiredFieldElement.inject(AutowiredAnnotationBeanPostProcessor.java:639)
	at org.springframework.beans.factory.annotation.InjectionMetadata.inject(InjectionMetadata.java:119)
	at org.springframework.beans.factory.annotation.AutowiredAnnotationBeanPostProcessor.postProcessProperties(AutowiredAnnotationBeanPostProcessor.java:399)
	at org.springframework.beans.factory.support.AbstractAutowireCapableBeanFactory.populateBean(AbstractAutowireCapableBeanFactory.java:1431)
	at org.springframework.beans.factory.support.AbstractAutowireCapableBeanFactory.doCreateBean(AbstractAutowireCapableBeanFactory.java:619)
	at org.springframework.beans.factory.support.AbstractAutowireCapableBeanFactory.createBean(AbstractAutowireCapableBeanFactory.java:542)
	at org.springframework.beans.factory.support.AbstractBeanFactory.lambda$doGetBean$0(AbstractBeanFactory.java:335)
	at org.springframework.beans.factory.support.DefaultSingletonBeanRegistry.getSingleton(DefaultSingletonBeanRegistry.java:234)
	at org.springframework.beans.factory.support.AbstractBeanFactory.doGetBean(AbstractBeanFactory.java:333)
	at org.springframework.beans.factory.support.AbstractBeanFactory.getBean(AbstractBeanFactory.java:208)
	at org.springframework.beans.factory.support.DefaultListableBeanFactory.preInstantiateSingletons(DefaultListableBeanFactory.java:953)
	at org.springframework.context.support.AbstractApplicationContext.finishBeanFactoryInitialization(AbstractApplicationContext.java:918)
	at org.springframework.context.support.AbstractApplicationContext.refresh(AbstractApplicationContext.java:583)
	at org.springframework.boot.web.servlet.context.ServletWebServerApplicationContext.refresh(ServletWebServerApplicationContext.java:147)
	at org.springframework.boot.SpringApplication.refresh(SpringApplication.java:734)
	at org.springframework.boot.SpringApplication.refreshContext(SpringApplication.java:408)
	at org.springframework.boot.SpringApplication.run(SpringApplication.java:308)
	at org.springframework.boot.SpringApplication.run(SpringApplication.java:1306)
	at org.springframework.boot.SpringApplication.run(SpringApplication.java:1295)
	at com.db.modeler.Application.main(Application.java:10)
Caused by: org.springframework.beans.factory.UnsatisfiedDependencyException: Error creating bean with name 'authServiceImpl': Unsatisfied dependency expressed through field 'userMapper'; nested exception is org.springframework.beans.factory.UnsatisfiedDependencyException: Error creating bean with name 'userMapper' defined in file [/Users/zhongjiafeng/Desktop/5000_Project/ai-project/db-modeler/db-modeler-java/target/classes/com/db/modeler/mapper/UserMapper.class]: Unsatisfied dependency expressed through bean property 'sqlSessionFactory'; nested exception is org.springframework.beans.factory.BeanCreationException: Error creating bean with name 'sqlSessionFactory' defined in class path resource [org/mybatis/spring/boot/autoconfigure/MybatisAutoConfiguration.class]: Bean instantiation via factory method failed; nested exception is org.springframework.beans.BeanInstantiationException: Failed to instantiate [org.apache.ibatis.session.SqlSessionFactory]: Factory method 'sqlSessionFactory' threw exception; nested exception is org.springframework.core.NestedIOException: Failed to parse mapping resource: 'file [/Users/zhongjiafeng/Desktop/5000_Project/ai-project/db-modeler/db-modeler-java/target/classes/mapper/TableDesignRepository.xml]'; nested exception is org.apache.ibatis.builder.BuilderException: Error parsing Mapper XML. The XML location is 'file [/Users/zhongjiafeng/Desktop/5000_Project/ai-project/db-modeler/db-modeler-java/target/classes/mapper/TableDesignRepository.xml]'. Cause: java.lang.IllegalArgumentException: Mapped Statements collection already contains value for com.db.modeler.repository.TableDesignRepository.findById. please check file [/Users/zhongjiafeng/Desktop/5000_Project/ai-project/db-modeler/db-modeler-java/target/classes/mapper/TableDesignMapper.xml] and file [/Users/zhongjiafeng/Desktop/5000_Project/ai-project/db-modeler/db-modeler-java/target/classes/mapper/TableDesignRepository.xml]
	at org.springframework.beans.factory.annotation.AutowiredAnnotationBeanPostProcessor$AutowiredFieldElement.resolveFieldValue(AutowiredAnnotationBeanPostProcessor.java:659)
	at org.springframework.beans.factory.annotation.AutowiredAnnotationBeanPostProcessor$AutowiredFieldElement.inject(AutowiredAnnotationBeanPostProcessor.java:639)
	at org.springframework.beans.factory.annotation.InjectionMetadata.inject(InjectionMetadata.java:119)
	at org.springframework.beans.factory.annotation.AutowiredAnnotationBeanPostProcessor.postProcessProperties(AutowiredAnnotationBeanPostProcessor.java:399)
	at org.springframework.beans.factory.support.AbstractAutowireCapableBeanFactory.populateBean(AbstractAutowireCapableBeanFactory.java:1431)
	at org.springframework.beans.factory.support.AbstractAutowireCapableBeanFactory.doCreateBean(AbstractAutowireCapableBeanFactory.java:619)
	at org.springframework.beans.factory.support.AbstractAutowireCapableBeanFactory.createBean(AbstractAutowireCapableBeanFactory.java:542)
	at org.springframework.beans.factory.support.AbstractBeanFactory.lambda$doGetBean$0(AbstractBeanFactory.java:335)
	at org.springframework.beans.factory.support.DefaultSingletonBeanRegistry.getSingleton(DefaultSingletonBeanRegistry.java:234)
	at org.springframework.beans.factory.support.AbstractBeanFactory.doGetBean(AbstractBeanFactory.java:333)
	at org.springframework.beans.factory.support.AbstractBeanFactory.getBean(AbstractBeanFactory.java:208)
	at org.springframework.beans.factory.config.DependencyDescriptor.resolveCandidate(DependencyDescriptor.java:276)
	at org.springframework.beans.factory.support.DefaultListableBeanFactory.doResolveDependency(DefaultListableBeanFactory.java:1389)
	at org.springframework.beans.factory.support.DefaultListableBeanFactory.resolveDependency(DefaultListableBeanFactory.java:1309)
	at org.springframework.beans.factory.annotation.AutowiredAnnotationBeanPostProcessor$AutowiredFieldElement.resolveFieldValue(AutowiredAnnotationBeanPostProcessor.java:656)
	... 20 common frames omitted
Caused by: org.springframework.beans.factory.UnsatisfiedDependencyException: Error creating bean with name 'userMapper' defined in file [/Users/zhongjiafeng/Desktop/5000_Project/ai-project/db-modeler/db-modeler-java/target/classes/com/db/modeler/mapper/UserMapper.class]: Unsatisfied dependency expressed through bean property 'sqlSessionFactory'; nested exception is org.springframework.beans.factory.BeanCreationException: Error creating bean with name 'sqlSessionFactory' defined in class path resource [org/mybatis/spring/boot/autoconfigure/MybatisAutoConfiguration.class]: Bean instantiation via factory method failed; nested exception is org.springframework.beans.BeanInstantiationException: Failed to instantiate [org.apache.ibatis.session.SqlSessionFactory]: Factory method 'sqlSessionFactory' threw exception; nested exception is org.springframework.core.NestedIOException: Failed to parse mapping resource: 'file [/Users/zhongjiafeng/Desktop/5000_Project/ai-project/db-modeler/db-modeler-java/target/classes/mapper/TableDesignRepository.xml]'; nested exception is org.apache.ibatis.builder.BuilderException: Error parsing Mapper XML. The XML location is 'file [/Users/zhongjiafeng/Desktop/5000_Project/ai-project/db-modeler/db-modeler-java/target/classes/mapper/TableDesignRepository.xml]'. Cause: java.lang.IllegalArgumentException: Mapped Statements collection already contains value for com.db.modeler.repository.TableDesignRepository.findById. please check file [/Users/zhongjiafeng/Desktop/5000_Project/ai-project/db-modeler/db-modeler-java/target/classes/mapper/TableDesignMapper.xml] and file [/Users/zhongjiafeng/Desktop/5000_Project/ai-project/db-modeler/db-modeler-java/target/classes/mapper/TableDesignRepository.xml]
	at org.springframework.beans.factory.support.AbstractAutowireCapableBeanFactory.autowireByType(AbstractAutowireCapableBeanFactory.java:1534)
	at org.springframework.beans.factory.support.AbstractAutowireCapableBeanFactory.populateBean(AbstractAutowireCapableBeanFactory.java:1417)
	at org.springframework.beans.factory.support.AbstractAutowireCapableBeanFactory.doCreateBean(AbstractAutowireCapableBeanFactory.java:619)
	at org.springframework.beans.factory.support.AbstractAutowireCapableBeanFactory.createBean(AbstractAutowireCapableBeanFactory.java:542)
	at org.springframework.beans.factory.support.AbstractBeanFactory.lambda$doGetBean$0(AbstractBeanFactory.java:335)
	at org.springframework.beans.factory.support.DefaultSingletonBeanRegistry.getSingleton(DefaultSingletonBeanRegistry.java:234)
	at org.springframework.beans.factory.support.AbstractBeanFactory.doGetBean(AbstractBeanFactory.java:333)
	at org.springframework.beans.factory.support.AbstractBeanFactory.getBean(AbstractBeanFactory.java:208)
	at org.springframework.beans.factory.config.DependencyDescriptor.resolveCandidate(DependencyDescriptor.java:276)
	at org.springframework.beans.factory.support.DefaultListableBeanFactory.doResolveDependency(DefaultListableBeanFactory.java:1389)
	at org.springframework.beans.factory.support.DefaultListableBeanFactory.resolveDependency(DefaultListableBeanFactory.java:1309)
	at org.springframework.beans.factory.annotation.AutowiredAnnotationBeanPostProcessor$AutowiredFieldElement.resolveFieldValue(AutowiredAnnotationBeanPostProcessor.java:656)
	... 34 common frames omitted
Caused by: org.springframework.beans.factory.BeanCreationException: Error creating bean with name 'sqlSessionFactory' defined in class path resource [org/mybatis/spring/boot/autoconfigure/MybatisAutoConfiguration.class]: Bean instantiation via factory method failed; nested exception is org.springframework.beans.BeanInstantiationException: Failed to instantiate [org.apache.ibatis.session.SqlSessionFactory]: Factory method 'sqlSessionFactory' threw exception; nested exception is org.springframework.core.NestedIOException: Failed to parse mapping resource: 'file [/Users/zhongjiafeng/Desktop/5000_Project/ai-project/db-modeler/db-modeler-java/target/classes/mapper/TableDesignRepository.xml]'; nested exception is org.apache.ibatis.builder.BuilderException: Error parsing Mapper XML. The XML location is 'file [/Users/zhongjiafeng/Desktop/5000_Project/ai-project/db-modeler/db-modeler-java/target/classes/mapper/TableDesignRepository.xml]'. Cause: java.lang.IllegalArgumentException: Mapped Statements collection already contains value for com.db.modeler.repository.TableDesignRepository.findById. please check file [/Users/zhongjiafeng/Desktop/5000_Project/ai-project/db-modeler/db-modeler-java/target/classes/mapper/TableDesignMapper.xml] and file [/Users/zhongjiafeng/Desktop/5000_Project/ai-project/db-modeler/db-modeler-java/target/classes/mapper/TableDesignRepository.xml]
	at org.springframework.beans.factory.support.ConstructorResolver.instantiate(ConstructorResolver.java:658)
	at org.springframework.beans.factory.support.ConstructorResolver.instantiateUsingFactoryMethod(ConstructorResolver.java:638)
	at org.springframework.beans.factory.support.AbstractAutowireCapableBeanFactory.instantiateUsingFactoryMethod(AbstractAutowireCapableBeanFactory.java:1352)
	at org.springframework.beans.factory.support.AbstractAutowireCapableBeanFactory.createBeanInstance(AbstractAutowireCapableBeanFactory.java:1195)
	at org.springframework.beans.factory.support.AbstractAutowireCapableBeanFactory.doCreateBean(AbstractAutowireCapableBeanFactory.java:582)
	at org.springframework.beans.factory.support.AbstractAutowireCapableBeanFactory.createBean(AbstractAutowireCapableBeanFactory.java:542)
	at org.springframework.beans.factory.support.AbstractBeanFactory.lambda$doGetBean$0(AbstractBeanFactory.java:335)
	at org.springframework.beans.factory.support.DefaultSingletonBeanRegistry.getSingleton(DefaultSingletonBeanRegistry.java:234)
	at org.springframework.beans.factory.support.AbstractBeanFactory.doGetBean(AbstractBeanFactory.java:333)
	at org.springframework.beans.factory.support.AbstractBeanFactory.getBean(AbstractBeanFactory.java:208)
	at org.springframework.beans.factory.config.DependencyDescriptor.resolveCandidate(DependencyDescriptor.java:276)
	at org.springframework.beans.factory.support.DefaultListableBeanFactory.doResolveDependency(DefaultListableBeanFactory.java:1389)
	at org.springframework.beans.factory.support.DefaultListableBeanFactory.resolveDependency(DefaultListableBeanFactory.java:1309)
	at org.springframework.beans.factory.support.AbstractAutowireCapableBeanFactory.autowireByType(AbstractAutowireCapableBeanFactory.java:1519)
	... 45 common frames omitted
Caused by: org.springframework.beans.BeanInstantiationException: Failed to instantiate [org.apache.ibatis.session.SqlSessionFactory]: Factory method 'sqlSessionFactory' threw exception; nested exception is org.springframework.core.NestedIOException: Failed to parse mapping resource: 'file [/Users/zhongjiafeng/Desktop/5000_Project/ai-project/db-modeler/db-modeler-java/target/classes/mapper/TableDesignRepository.xml]'; nested exception is org.apache.ibatis.builder.BuilderException: Error parsing Mapper XML. The XML location is 'file [/Users/zhongjiafeng/Desktop/5000_Project/ai-project/db-modeler/db-modeler-java/target/classes/mapper/TableDesignRepository.xml]'. Cause: java.lang.IllegalArgumentException: Mapped Statements collection already contains value for com.db.modeler.repository.TableDesignRepository.findById. please check file [/Users/zhongjiafeng/Desktop/5000_Project/ai-project/db-modeler/db-modeler-java/target/classes/mapper/TableDesignMapper.xml] and file [/Users/zhongjiafeng/Desktop/5000_Project/ai-project/db-modeler/db-modeler-java/target/classes/mapper/TableDesignRepository.xml]
	at org.springframework.beans.factory.support.SimpleInstantiationStrategy.instantiate(SimpleInstantiationStrategy.java:185)
	at org.springframework.beans.factory.support.ConstructorResolver.instantiate(ConstructorResolver.java:653)
	... 58 common frames omitted
Caused by: org.springframework.core.NestedIOException: Failed to parse mapping resource: 'file [/Users/zhongjiafeng/Desktop/5000_Project/ai-project/db-modeler/db-modeler-java/target/classes/mapper/TableDesignRepository.xml]'; nested exception is org.apache.ibatis.builder.BuilderException: Error parsing Mapper XML. The XML location is 'file [/Users/zhongjiafeng/Desktop/5000_Project/ai-project/db-modeler/db-modeler-java/target/classes/mapper/TableDesignRepository.xml]'. Cause: java.lang.IllegalArgumentException: Mapped Statements collection already contains value for com.db.modeler.repository.TableDesignRepository.findById. please check file [/Users/zhongjiafeng/Desktop/5000_Project/ai-project/db-modeler/db-modeler-java/target/classes/mapper/TableDesignMapper.xml] and file [/Users/zhongjiafeng/Desktop/5000_Project/ai-project/db-modeler/db-modeler-java/target/classes/mapper/TableDesignRepository.xml]
	at org.mybatis.spring.SqlSessionFactoryBean.buildSqlSessionFactory(SqlSessionFactoryBean.java:613)
	at org.mybatis.spring.SqlSessionFactoryBean.afterPropertiesSet(SqlSessionFactoryBean.java:491)
	at org.mybatis.spring.SqlSessionFactoryBean.getObject(SqlSessionFactoryBean.java:633)
	at org.mybatis.spring.boot.autoconfigure.MybatisAutoConfiguration.sqlSessionFactory(MybatisAutoConfiguration.java:188)
	at org.mybatis.spring.boot.autoconfigure.MybatisAutoConfiguration$$EnhancerBySpringCGLIB$$fdc08b58.CGLIB$sqlSessionFactory$1(<generated>)
	at org.mybatis.spring.boot.autoconfigure.MybatisAutoConfiguration$$EnhancerBySpringCGLIB$$fdc08b58$$FastClassBySpringCGLIB$$88415566.invoke(<generated>)
	at org.springframework.cglib.proxy.MethodProxy.invokeSuper(MethodProxy.java:244)
	at org.springframework.context.annotation.ConfigurationClassEnhancer$BeanMethodInterceptor.intercept(ConfigurationClassEnhancer.java:331)
	at org.mybatis.spring.boot.autoconfigure.MybatisAutoConfiguration$$EnhancerBySpringCGLIB$$fdc08b58.sqlSessionFactory(<generated>)
	at java.base/jdk.internal.reflect.NativeMethodAccessorImpl.invoke0(Native Method)
	at java.base/jdk.internal.reflect.NativeMethodAccessorImpl.invoke(NativeMethodAccessorImpl.java:77)
	at java.base/jdk.internal.reflect.DelegatingMethodAccessorImpl.invoke(DelegatingMethodAccessorImpl.java:43)
	at java.base/java.lang.reflect.Method.invoke(Method.java:568)
	at org.springframework.beans.factory.support.SimpleInstantiationStrategy.instantiate(SimpleInstantiationStrategy.java:154)
	... 59 common frames omitted
Caused by: org.apache.ibatis.builder.BuilderException: Error parsing Mapper XML. The XML location is 'file [/Users/zhongjiafeng/Desktop/5000_Project/ai-project/db-modeler/db-modeler-java/target/classes/mapper/TableDesignRepository.xml]'. Cause: java.lang.IllegalArgumentException: Mapped Statements collection already contains value for com.db.modeler.repository.TableDesignRepository.findById. please check file [/Users/zhongjiafeng/Desktop/5000_Project/ai-project/db-modeler/db-modeler-java/target/classes/mapper/TableDesignMapper.xml] and file [/Users/zhongjiafeng/Desktop/5000_Project/ai-project/db-modeler/db-modeler-java/target/classes/mapper/TableDesignRepository.xml]
	at org.apache.ibatis.builder.xml.XMLMapperBuilder.configurationElement(XMLMapperBuilder.java:123)
	at org.apache.ibatis.builder.xml.XMLMapperBuilder.parse(XMLMapperBuilder.java:95)
	at org.mybatis.spring.SqlSessionFactoryBean.buildSqlSessionFactory(SqlSessionFactoryBean.java:611)
	... 72 common frames omitted
Caused by: java.lang.IllegalArgumentException: Mapped Statements collection already contains value for com.db.modeler.repository.TableDesignRepository.findById. please check file [/Users/zhongjiafeng/Desktop/5000_Project/ai-project/db-modeler/db-modeler-java/target/classes/mapper/TableDesignMapper.xml] and file [/Users/zhongjiafeng/Desktop/5000_Project/ai-project/db-modeler/db-modeler-java/target/classes/mapper/TableDesignRepository.xml]
	at org.apache.ibatis.session.Configuration$StrictMap.put(Configuration.java:1037)
	at org.apache.ibatis.session.Configuration$StrictMap.put(Configuration.java:993)
	at org.apache.ibatis.session.Configuration.addMappedStatement(Configuration.java:791)
	at org.apache.ibatis.builder.MapperBuilderAssistant.addMappedStatement(MapperBuilderAssistant.java:297)
	at org.apache.ibatis.builder.xml.XMLStatementBuilder.parseStatementNode(XMLStatementBuilder.java:113)
	at org.apache.ibatis.builder.xml.XMLMapperBuilder.buildStatementFromContext(XMLMapperBuilder.java:138)
	at org.apache.ibatis.builder.xml.XMLMapperBuilder.buildStatementFromContext(XMLMapperBuilder.java:131)
	at org.apache.ibatis.builder.xml.XMLMapperBuilder.configurationElement(XMLMapperBuilder.java:121)
	... 74 common frames omitted
2024-12-08 00:20:46.291 [main] ERROR o.s.boot.SpringApplication - Application run failed
org.springframework.beans.factory.UnsatisfiedDependencyException: Error creating bean with name 'authController': Unsatisfied dependency expressed through field 'authService'; nested exception is org.springframework.beans.factory.UnsatisfiedDependencyException: Error creating bean with name 'authServiceImpl': Unsatisfied dependency expressed through field 'userMapper'; nested exception is org.springframework.beans.factory.UnsatisfiedDependencyException: Error creating bean with name 'userMapper' defined in file [/Users/zhongjiafeng/Desktop/5000_Project/ai-project/db-modeler/db-modeler-java/target/classes/com/db/modeler/mapper/UserMapper.class]: Unsatisfied dependency expressed through bean property 'sqlSessionFactory'; nested exception is org.springframework.beans.factory.BeanCreationException: Error creating bean with name 'sqlSessionFactory' defined in class path resource [org/mybatis/spring/boot/autoconfigure/MybatisAutoConfiguration.class]: Bean instantiation via factory method failed; nested exception is org.springframework.beans.BeanInstantiationException: Failed to instantiate [org.apache.ibatis.session.SqlSessionFactory]: Factory method 'sqlSessionFactory' threw exception; nested exception is org.springframework.core.NestedIOException: Failed to parse mapping resource: 'file [/Users/zhongjiafeng/Desktop/5000_Project/ai-project/db-modeler/db-modeler-java/target/classes/mapper/TableDesignRepository.xml]'; nested exception is org.apache.ibatis.builder.BuilderException: Error parsing Mapper XML. The XML location is 'file [/Users/zhongjiafeng/Desktop/5000_Project/ai-project/db-modeler/db-modeler-java/target/classes/mapper/TableDesignRepository.xml]'. Cause: java.lang.IllegalArgumentException: Mapped Statements collection already contains value for com.db.modeler.repository.TableDesignRepository.findById. please check file [/Users/zhongjiafeng/Desktop/5000_Project/ai-project/db-modeler/db-modeler-java/target/classes/mapper/TableDesignMapper.xml] and file [/Users/zhongjiafeng/Desktop/5000_Project/ai-project/db-modeler/db-modeler-java/target/classes/mapper/TableDesignRepository.xml]
	at org.springframework.beans.factory.annotation.AutowiredAnnotationBeanPostProcessor$AutowiredFieldElement.resolveFieldValue(AutowiredAnnotationBeanPostProcessor.java:659)
	at org.springframework.beans.factory.annotation.AutowiredAnnotationBeanPostProcessor$AutowiredFieldElement.inject(AutowiredAnnotationBeanPostProcessor.java:639)
	at org.springframework.beans.factory.annotation.InjectionMetadata.inject(InjectionMetadata.java:119)
	at org.springframework.beans.factory.annotation.AutowiredAnnotationBeanPostProcessor.postProcessProperties(AutowiredAnnotationBeanPostProcessor.java:399)
	at org.springframework.beans.factory.support.AbstractAutowireCapableBeanFactory.populateBean(AbstractAutowireCapableBeanFactory.java:1431)
	at org.springframework.beans.factory.support.AbstractAutowireCapableBeanFactory.doCreateBean(AbstractAutowireCapableBeanFactory.java:619)
	at org.springframework.beans.factory.support.AbstractAutowireCapableBeanFactory.createBean(AbstractAutowireCapableBeanFactory.java:542)
	at org.springframework.beans.factory.support.AbstractBeanFactory.lambda$doGetBean$0(AbstractBeanFactory.java:335)
	at org.springframework.beans.factory.support.DefaultSingletonBeanRegistry.getSingleton(DefaultSingletonBeanRegistry.java:234)
	at org.springframework.beans.factory.support.AbstractBeanFactory.doGetBean(AbstractBeanFactory.java:333)
	at org.springframework.beans.factory.support.AbstractBeanFactory.getBean(AbstractBeanFactory.java:208)
	at org.springframework.beans.factory.support.DefaultListableBeanFactory.preInstantiateSingletons(DefaultListableBeanFactory.java:953)
	at org.springframework.context.support.AbstractApplicationContext.finishBeanFactoryInitialization(AbstractApplicationContext.java:918)
	at org.springframework.context.support.AbstractApplicationContext.refresh(AbstractApplicationContext.java:583)
	at org.springframework.boot.web.servlet.context.ServletWebServerApplicationContext.refresh(ServletWebServerApplicationContext.java:147)
	at org.springframework.boot.SpringApplication.refresh(SpringApplication.java:734)
	at org.springframework.boot.SpringApplication.refreshContext(SpringApplication.java:408)
	at org.springframework.boot.SpringApplication.run(SpringApplication.java:308)
	at org.springframework.boot.SpringApplication.run(SpringApplication.java:1306)
	at org.springframework.boot.SpringApplication.run(SpringApplication.java:1295)
	at com.db.modeler.Application.main(Application.java:10)
Caused by: org.springframework.beans.factory.UnsatisfiedDependencyException: Error creating bean with name 'authServiceImpl': Unsatisfied dependency expressed through field 'userMapper'; nested exception is org.springframework.beans.factory.UnsatisfiedDependencyException: Error creating bean with name 'userMapper' defined in file [/Users/zhongjiafeng/Desktop/5000_Project/ai-project/db-modeler/db-modeler-java/target/classes/com/db/modeler/mapper/UserMapper.class]: Unsatisfied dependency expressed through bean property 'sqlSessionFactory'; nested exception is org.springframework.beans.factory.BeanCreationException: Error creating bean with name 'sqlSessionFactory' defined in class path resource [org/mybatis/spring/boot/autoconfigure/MybatisAutoConfiguration.class]: Bean instantiation via factory method failed; nested exception is org.springframework.beans.BeanInstantiationException: Failed to instantiate [org.apache.ibatis.session.SqlSessionFactory]: Factory method 'sqlSessionFactory' threw exception; nested exception is org.springframework.core.NestedIOException: Failed to parse mapping resource: 'file [/Users/zhongjiafeng/Desktop/5000_Project/ai-project/db-modeler/db-modeler-java/target/classes/mapper/TableDesignRepository.xml]'; nested exception is org.apache.ibatis.builder.BuilderException: Error parsing Mapper XML. The XML location is 'file [/Users/zhongjiafeng/Desktop/5000_Project/ai-project/db-modeler/db-modeler-java/target/classes/mapper/TableDesignRepository.xml]'. Cause: java.lang.IllegalArgumentException: Mapped Statements collection already contains value for com.db.modeler.repository.TableDesignRepository.findById. please check file [/Users/zhongjiafeng/Desktop/5000_Project/ai-project/db-modeler/db-modeler-java/target/classes/mapper/TableDesignMapper.xml] and file [/Users/zhongjiafeng/Desktop/5000_Project/ai-project/db-modeler/db-modeler-java/target/classes/mapper/TableDesignRepository.xml]
	at org.springframework.beans.factory.annotation.AutowiredAnnotationBeanPostProcessor$AutowiredFieldElement.resolveFieldValue(AutowiredAnnotationBeanPostProcessor.java:659)
	at org.springframework.beans.factory.annotation.AutowiredAnnotationBeanPostProcessor$AutowiredFieldElement.inject(AutowiredAnnotationBeanPostProcessor.java:639)
	at org.springframework.beans.factory.annotation.InjectionMetadata.inject(InjectionMetadata.java:119)
	at org.springframework.beans.factory.annotation.AutowiredAnnotationBeanPostProcessor.postProcessProperties(AutowiredAnnotationBeanPostProcessor.java:399)
	at org.springframework.beans.factory.support.AbstractAutowireCapableBeanFactory.populateBean(AbstractAutowireCapableBeanFactory.java:1431)
	at org.springframework.beans.factory.support.AbstractAutowireCapableBeanFactory.doCreateBean(AbstractAutowireCapableBeanFactory.java:619)
	at org.springframework.beans.factory.support.AbstractAutowireCapableBeanFactory.createBean(AbstractAutowireCapableBeanFactory.java:542)
	at org.springframework.beans.factory.support.AbstractBeanFactory.lambda$doGetBean$0(AbstractBeanFactory.java:335)
	at org.springframework.beans.factory.support.DefaultSingletonBeanRegistry.getSingleton(DefaultSingletonBeanRegistry.java:234)
	at org.springframework.beans.factory.support.AbstractBeanFactory.doGetBean(AbstractBeanFactory.java:333)
	at org.springframework.beans.factory.support.AbstractBeanFactory.getBean(AbstractBeanFactory.java:208)
	at org.springframework.beans.factory.config.DependencyDescriptor.resolveCandidate(DependencyDescriptor.java:276)
	at org.springframework.beans.factory.support.DefaultListableBeanFactory.doResolveDependency(DefaultListableBeanFactory.java:1389)
	at org.springframework.beans.factory.support.DefaultListableBeanFactory.resolveDependency(DefaultListableBeanFactory.java:1309)
	at org.springframework.beans.factory.annotation.AutowiredAnnotationBeanPostProcessor$AutowiredFieldElement.resolveFieldValue(AutowiredAnnotationBeanPostProcessor.java:656)
	... 20 common frames omitted
Caused by: org.springframework.beans.factory.UnsatisfiedDependencyException: Error creating bean with name 'userMapper' defined in file [/Users/zhongjiafeng/Desktop/5000_Project/ai-project/db-modeler/db-modeler-java/target/classes/com/db/modeler/mapper/UserMapper.class]: Unsatisfied dependency expressed through bean property 'sqlSessionFactory'; nested exception is org.springframework.beans.factory.BeanCreationException: Error creating bean with name 'sqlSessionFactory' defined in class path resource [org/mybatis/spring/boot/autoconfigure/MybatisAutoConfiguration.class]: Bean instantiation via factory method failed; nested exception is org.springframework.beans.BeanInstantiationException: Failed to instantiate [org.apache.ibatis.session.SqlSessionFactory]: Factory method 'sqlSessionFactory' threw exception; nested exception is org.springframework.core.NestedIOException: Failed to parse mapping resource: 'file [/Users/zhongjiafeng/Desktop/5000_Project/ai-project/db-modeler/db-modeler-java/target/classes/mapper/TableDesignRepository.xml]'; nested exception is org.apache.ibatis.builder.BuilderException: Error parsing Mapper XML. The XML location is 'file [/Users/zhongjiafeng/Desktop/5000_Project/ai-project/db-modeler/db-modeler-java/target/classes/mapper/TableDesignRepository.xml]'. Cause: java.lang.IllegalArgumentException: Mapped Statements collection already contains value for com.db.modeler.repository.TableDesignRepository.findById. please check file [/Users/zhongjiafeng/Desktop/5000_Project/ai-project/db-modeler/db-modeler-java/target/classes/mapper/TableDesignMapper.xml] and file [/Users/zhongjiafeng/Desktop/5000_Project/ai-project/db-modeler/db-modeler-java/target/classes/mapper/TableDesignRepository.xml]
	at org.springframework.beans.factory.support.AbstractAutowireCapableBeanFactory.autowireByType(AbstractAutowireCapableBeanFactory.java:1534)
	at org.springframework.beans.factory.support.AbstractAutowireCapableBeanFactory.populateBean(AbstractAutowireCapableBeanFactory.java:1417)
	at org.springframework.beans.factory.support.AbstractAutowireCapableBeanFactory.doCreateBean(AbstractAutowireCapableBeanFactory.java:619)
	at org.springframework.beans.factory.support.AbstractAutowireCapableBeanFactory.createBean(AbstractAutowireCapableBeanFactory.java:542)
	at org.springframework.beans.factory.support.AbstractBeanFactory.lambda$doGetBean$0(AbstractBeanFactory.java:335)
	at org.springframework.beans.factory.support.DefaultSingletonBeanRegistry.getSingleton(DefaultSingletonBeanRegistry.java:234)
	at org.springframework.beans.factory.support.AbstractBeanFactory.doGetBean(AbstractBeanFactory.java:333)
	at org.springframework.beans.factory.support.AbstractBeanFactory.getBean(AbstractBeanFactory.java:208)
	at org.springframework.beans.factory.config.DependencyDescriptor.resolveCandidate(DependencyDescriptor.java:276)
	at org.springframework.beans.factory.support.DefaultListableBeanFactory.doResolveDependency(DefaultListableBeanFactory.java:1389)
	at org.springframework.beans.factory.support.DefaultListableBeanFactory.resolveDependency(DefaultListableBeanFactory.java:1309)
	at org.springframework.beans.factory.annotation.AutowiredAnnotationBeanPostProcessor$AutowiredFieldElement.resolveFieldValue(AutowiredAnnotationBeanPostProcessor.java:656)
	... 34 common frames omitted
Caused by: org.springframework.beans.factory.BeanCreationException: Error creating bean with name 'sqlSessionFactory' defined in class path resource [org/mybatis/spring/boot/autoconfigure/MybatisAutoConfiguration.class]: Bean instantiation via factory method failed; nested exception is org.springframework.beans.BeanInstantiationException: Failed to instantiate [org.apache.ibatis.session.SqlSessionFactory]: Factory method 'sqlSessionFactory' threw exception; nested exception is org.springframework.core.NestedIOException: Failed to parse mapping resource: 'file [/Users/zhongjiafeng/Desktop/5000_Project/ai-project/db-modeler/db-modeler-java/target/classes/mapper/TableDesignRepository.xml]'; nested exception is org.apache.ibatis.builder.BuilderException: Error parsing Mapper XML. The XML location is 'file [/Users/zhongjiafeng/Desktop/5000_Project/ai-project/db-modeler/db-modeler-java/target/classes/mapper/TableDesignRepository.xml]'. Cause: java.lang.IllegalArgumentException: Mapped Statements collection already contains value for com.db.modeler.repository.TableDesignRepository.findById. please check file [/Users/zhongjiafeng/Desktop/5000_Project/ai-project/db-modeler/db-modeler-java/target/classes/mapper/TableDesignMapper.xml] and file [/Users/zhongjiafeng/Desktop/5000_Project/ai-project/db-modeler/db-modeler-java/target/classes/mapper/TableDesignRepository.xml]
	at org.springframework.beans.factory.support.ConstructorResolver.instantiate(ConstructorResolver.java:658)
	at org.springframework.beans.factory.support.ConstructorResolver.instantiateUsingFactoryMethod(ConstructorResolver.java:638)
	at org.springframework.beans.factory.support.AbstractAutowireCapableBeanFactory.instantiateUsingFactoryMethod(AbstractAutowireCapableBeanFactory.java:1352)
	at org.springframework.beans.factory.support.AbstractAutowireCapableBeanFactory.createBeanInstance(AbstractAutowireCapableBeanFactory.java:1195)
	at org.springframework.beans.factory.support.AbstractAutowireCapableBeanFactory.doCreateBean(AbstractAutowireCapableBeanFactory.java:582)
	at org.springframework.beans.factory.support.AbstractAutowireCapableBeanFactory.createBean(AbstractAutowireCapableBeanFactory.java:542)
	at org.springframework.beans.factory.support.AbstractBeanFactory.lambda$doGetBean$0(AbstractBeanFactory.java:335)
	at org.springframework.beans.factory.support.DefaultSingletonBeanRegistry.getSingleton(DefaultSingletonBeanRegistry.java:234)
	at org.springframework.beans.factory.support.AbstractBeanFactory.doGetBean(AbstractBeanFactory.java:333)
	at org.springframework.beans.factory.support.AbstractBeanFactory.getBean(AbstractBeanFactory.java:208)
	at org.springframework.beans.factory.config.DependencyDescriptor.resolveCandidate(DependencyDescriptor.java:276)
	at org.springframework.beans.factory.support.DefaultListableBeanFactory.doResolveDependency(DefaultListableBeanFactory.java:1389)
	at org.springframework.beans.factory.support.DefaultListableBeanFactory.resolveDependency(DefaultListableBeanFactory.java:1309)
	at org.springframework.beans.factory.support.AbstractAutowireCapableBeanFactory.autowireByType(AbstractAutowireCapableBeanFactory.java:1519)
	... 45 common frames omitted
Caused by: org.springframework.beans.BeanInstantiationException: Failed to instantiate [org.apache.ibatis.session.SqlSessionFactory]: Factory method 'sqlSessionFactory' threw exception; nested exception is org.springframework.core.NestedIOException: Failed to parse mapping resource: 'file [/Users/zhongjiafeng/Desktop/5000_Project/ai-project/db-modeler/db-modeler-java/target/classes/mapper/TableDesignRepository.xml]'; nested exception is org.apache.ibatis.builder.BuilderException: Error parsing Mapper XML. The XML location is 'file [/Users/zhongjiafeng/Desktop/5000_Project/ai-project/db-modeler/db-modeler-java/target/classes/mapper/TableDesignRepository.xml]'. Cause: java.lang.IllegalArgumentException: Mapped Statements collection already contains value for com.db.modeler.repository.TableDesignRepository.findById. please check file [/Users/zhongjiafeng/Desktop/5000_Project/ai-project/db-modeler/db-modeler-java/target/classes/mapper/TableDesignMapper.xml] and file [/Users/zhongjiafeng/Desktop/5000_Project/ai-project/db-modeler/db-modeler-java/target/classes/mapper/TableDesignRepository.xml]
	at org.springframework.beans.factory.support.SimpleInstantiationStrategy.instantiate(SimpleInstantiationStrategy.java:185)
	at org.springframework.beans.factory.support.ConstructorResolver.instantiate(ConstructorResolver.java:653)
	... 58 common frames omitted
Caused by: org.springframework.core.NestedIOException: Failed to parse mapping resource: 'file [/Users/zhongjiafeng/Desktop/5000_Project/ai-project/db-modeler/db-modeler-java/target/classes/mapper/TableDesignRepository.xml]'; nested exception is org.apache.ibatis.builder.BuilderException: Error parsing Mapper XML. The XML location is 'file [/Users/zhongjiafeng/Desktop/5000_Project/ai-project/db-modeler/db-modeler-java/target/classes/mapper/TableDesignRepository.xml]'. Cause: java.lang.IllegalArgumentException: Mapped Statements collection already contains value for com.db.modeler.repository.TableDesignRepository.findById. please check file [/Users/zhongjiafeng/Desktop/5000_Project/ai-project/db-modeler/db-modeler-java/target/classes/mapper/TableDesignMapper.xml] and file [/Users/zhongjiafeng/Desktop/5000_Project/ai-project/db-modeler/db-modeler-java/target/classes/mapper/TableDesignRepository.xml]
	at org.mybatis.spring.SqlSessionFactoryBean.buildSqlSessionFactory(SqlSessionFactoryBean.java:613)
	at org.mybatis.spring.SqlSessionFactoryBean.afterPropertiesSet(SqlSessionFactoryBean.java:491)
	at org.mybatis.spring.SqlSessionFactoryBean.getObject(SqlSessionFactoryBean.java:633)
	at org.mybatis.spring.boot.autoconfigure.MybatisAutoConfiguration.sqlSessionFactory(MybatisAutoConfiguration.java:188)
	at org.mybatis.spring.boot.autoconfigure.MybatisAutoConfiguration$$EnhancerBySpringCGLIB$$b91d74b5.CGLIB$sqlSessionFactory$2(<generated>)
	at org.mybatis.spring.boot.autoconfigure.MybatisAutoConfiguration$$EnhancerBySpringCGLIB$$b91d74b5$$FastClassBySpringCGLIB$$b39a0988.invoke(<generated>)
	at org.springframework.cglib.proxy.MethodProxy.invokeSuper(MethodProxy.java:244)
	at org.springframework.context.annotation.ConfigurationClassEnhancer$BeanMethodInterceptor.intercept(ConfigurationClassEnhancer.java:331)
	at org.mybatis.spring.boot.autoconfigure.MybatisAutoConfiguration$$EnhancerBySpringCGLIB$$b91d74b5.sqlSessionFactory(<generated>)
	at java.base/jdk.internal.reflect.NativeMethodAccessorImpl.invoke0(Native Method)
	at java.base/jdk.internal.reflect.NativeMethodAccessorImpl.invoke(NativeMethodAccessorImpl.java:77)
	at java.base/jdk.internal.reflect.DelegatingMethodAccessorImpl.invoke(DelegatingMethodAccessorImpl.java:43)
	at java.base/java.lang.reflect.Method.invoke(Method.java:568)
	at org.springframework.beans.factory.support.SimpleInstantiationStrategy.instantiate(SimpleInstantiationStrategy.java:154)
	... 59 common frames omitted
Caused by: org.apache.ibatis.builder.BuilderException: Error parsing Mapper XML. The XML location is 'file [/Users/zhongjiafeng/Desktop/5000_Project/ai-project/db-modeler/db-modeler-java/target/classes/mapper/TableDesignRepository.xml]'. Cause: java.lang.IllegalArgumentException: Mapped Statements collection already contains value for com.db.modeler.repository.TableDesignRepository.findById. please check file [/Users/zhongjiafeng/Desktop/5000_Project/ai-project/db-modeler/db-modeler-java/target/classes/mapper/TableDesignMapper.xml] and file [/Users/zhongjiafeng/Desktop/5000_Project/ai-project/db-modeler/db-modeler-java/target/classes/mapper/TableDesignRepository.xml]
	at org.apache.ibatis.builder.xml.XMLMapperBuilder.configurationElement(XMLMapperBuilder.java:123)
	at org.apache.ibatis.builder.xml.XMLMapperBuilder.parse(XMLMapperBuilder.java:95)
	at org.mybatis.spring.SqlSessionFactoryBean.buildSqlSessionFactory(SqlSessionFactoryBean.java:611)
	... 72 common frames omitted
Caused by: java.lang.IllegalArgumentException: Mapped Statements collection already contains value for com.db.modeler.repository.TableDesignRepository.findById. please check file [/Users/zhongjiafeng/Desktop/5000_Project/ai-project/db-modeler/db-modeler-java/target/classes/mapper/TableDesignMapper.xml] and file [/Users/zhongjiafeng/Desktop/5000_Project/ai-project/db-modeler/db-modeler-java/target/classes/mapper/TableDesignRepository.xml]
	at org.apache.ibatis.session.Configuration$StrictMap.put(Configuration.java:1037)
	at org.apache.ibatis.session.Configuration$StrictMap.put(Configuration.java:993)
	at org.apache.ibatis.session.Configuration.addMappedStatement(Configuration.java:791)
	at org.apache.ibatis.builder.MapperBuilderAssistant.addMappedStatement(MapperBuilderAssistant.java:297)
	at org.apache.ibatis.builder.xml.XMLStatementBuilder.parseStatementNode(XMLStatementBuilder.java:113)
	at org.apache.ibatis.builder.xml.XMLMapperBuilder.buildStatementFromContext(XMLMapperBuilder.java:138)
	at org.apache.ibatis.builder.xml.XMLMapperBuilder.buildStatementFromContext(XMLMapperBuilder.java:131)
	at org.apache.ibatis.builder.xml.XMLMapperBuilder.configurationElement(XMLMapperBuilder.java:121)
	... 74 common frames omitted
2024-12-08 07:07:00.859 [main] ERROR o.s.b.d.LoggingFailureAnalysisReporter - 

***************************
APPLICATION FAILED TO START
***************************

Description:

Web server failed to start. Port 8010 was already in use.

Action:

Identify and stop the process that's listening on port 8010 or configure this application to listen on another port.

2024-12-08 07:33:11.052 [main] ERROR o.s.boot.SpringApplication - Application run failed
java.lang.Error: Unresolved compilation problems: 
	The Java feature 'Text Blocks' is only available with source level 15 and above
	The Java feature 'Text Blocks' is only available with source level 15 and above

	at com.db.modeler.mapper.DatabaseConfigMapper.<clinit>(DatabaseConfigMapper.java:12)
	at java.base/java.lang.Class.forName0(Native Method)
	at java.base/java.lang.Class.forName(Class.java:467)
	at org.apache.ibatis.io.ClassLoaderWrapper.classForName(ClassLoaderWrapper.java:186)
	at org.apache.ibatis.io.ClassLoaderWrapper.classForName(ClassLoaderWrapper.java:89)
	at org.apache.ibatis.io.Resources.classForName(Resources.java:261)
	at org.mybatis.spring.mapper.ClassPathMapperScanner.processBeanDefinitions(ClassPathMapperScanner.java:239)
	at org.mybatis.spring.mapper.ClassPathMapperScanner.doScan(ClassPathMapperScanner.java:211)
	at org.springframework.context.annotation.ClassPathBeanDefinitionScanner.scan(ClassPathBeanDefinitionScanner.java:254)
	at org.mybatis.spring.mapper.MapperScannerConfigurer.postProcessBeanDefinitionRegistry(MapperScannerConfigurer.java:375)
	at org.springframework.context.support.PostProcessorRegistrationDelegate.invokeBeanDefinitionRegistryPostProcessors(PostProcessorRegistrationDelegate.java:311)
	at org.springframework.context.support.PostProcessorRegistrationDelegate.invokeBeanFactoryPostProcessors(PostProcessorRegistrationDelegate.java:142)
	at org.springframework.context.support.AbstractApplicationContext.invokeBeanFactoryPostProcessors(AbstractApplicationContext.java:746)
	at org.springframework.context.support.AbstractApplicationContext.refresh(AbstractApplicationContext.java:564)
	at org.springframework.boot.web.servlet.context.ServletWebServerApplicationContext.refresh(ServletWebServerApplicationContext.java:147)
	at org.springframework.boot.SpringApplication.refresh(SpringApplication.java:734)
	at org.springframework.boot.SpringApplication.refreshContext(SpringApplication.java:408)
	at org.springframework.boot.SpringApplication.run(SpringApplication.java:308)
	at org.springframework.boot.SpringApplication.run(SpringApplication.java:1306)
	at org.springframework.boot.SpringApplication.run(SpringApplication.java:1295)
	at com.db.modeler.Application.main(Application.java:10)
2024-12-08 13:25:31.255 [main] ERROR o.s.boot.SpringApplication - Application run failed
java.lang.Error: Unresolved compilation problems: 
	The Java feature 'Text Blocks' is only available with source level 15 and above
	The Java feature 'Text Blocks' is only available with source level 15 and above

	at com.db.modeler.mapper.DatabaseConfigMapper.<clinit>(DatabaseConfigMapper.java:12)
	at java.base/java.lang.Class.forName0(Native Method)
	at java.base/java.lang.Class.forName(Class.java:467)
	at org.apache.ibatis.io.ClassLoaderWrapper.classForName(ClassLoaderWrapper.java:186)
	at org.apache.ibatis.io.ClassLoaderWrapper.classForName(ClassLoaderWrapper.java:89)
	at org.apache.ibatis.io.Resources.classForName(Resources.java:261)
	at org.mybatis.spring.mapper.ClassPathMapperScanner.processBeanDefinitions(ClassPathMapperScanner.java:239)
	at org.mybatis.spring.mapper.ClassPathMapperScanner.doScan(ClassPathMapperScanner.java:211)
	at org.springframework.context.annotation.ClassPathBeanDefinitionScanner.scan(ClassPathBeanDefinitionScanner.java:254)
	at org.mybatis.spring.mapper.MapperScannerConfigurer.postProcessBeanDefinitionRegistry(MapperScannerConfigurer.java:375)
	at org.springframework.context.support.PostProcessorRegistrationDelegate.invokeBeanDefinitionRegistryPostProcessors(PostProcessorRegistrationDelegate.java:311)
	at org.springframework.context.support.PostProcessorRegistrationDelegate.invokeBeanFactoryPostProcessors(PostProcessorRegistrationDelegate.java:142)
	at org.springframework.context.support.AbstractApplicationContext.invokeBeanFactoryPostProcessors(AbstractApplicationContext.java:746)
	at org.springframework.context.support.AbstractApplicationContext.refresh(AbstractApplicationContext.java:564)
	at org.springframework.boot.web.servlet.context.ServletWebServerApplicationContext.refresh(ServletWebServerApplicationContext.java:147)
	at org.springframework.boot.SpringApplication.refresh(SpringApplication.java:734)
	at org.springframework.boot.SpringApplication.refreshContext(SpringApplication.java:408)
	at org.springframework.boot.SpringApplication.run(SpringApplication.java:308)
	at org.springframework.boot.SpringApplication.run(SpringApplication.java:1306)
	at org.springframework.boot.SpringApplication.run(SpringApplication.java:1295)
	at com.db.modeler.Application.main(Application.java:10)
2024-12-08 13:27:47.684 [main] ERROR o.s.boot.SpringApplication - Application run failed
java.lang.Error: Unresolved compilation problems: 
	The Java feature 'Text Blocks' is only available with source level 15 and above
	The Java feature 'Text Blocks' is only available with source level 15 and above

	at com.db.modeler.mapper.DatabaseConfigMapper.<clinit>(DatabaseConfigMapper.java:12)
	at java.base/java.lang.Class.forName0(Native Method)
	at java.base/java.lang.Class.forName(Class.java:467)
	at org.apache.ibatis.io.ClassLoaderWrapper.classForName(ClassLoaderWrapper.java:186)
	at org.apache.ibatis.io.ClassLoaderWrapper.classForName(ClassLoaderWrapper.java:89)
	at org.apache.ibatis.io.Resources.classForName(Resources.java:261)
	at org.mybatis.spring.mapper.ClassPathMapperScanner.processBeanDefinitions(ClassPathMapperScanner.java:239)
	at org.mybatis.spring.mapper.ClassPathMapperScanner.doScan(ClassPathMapperScanner.java:211)
	at org.springframework.context.annotation.ClassPathBeanDefinitionScanner.scan(ClassPathBeanDefinitionScanner.java:254)
	at org.mybatis.spring.mapper.MapperScannerConfigurer.postProcessBeanDefinitionRegistry(MapperScannerConfigurer.java:375)
	at org.springframework.context.support.PostProcessorRegistrationDelegate.invokeBeanDefinitionRegistryPostProcessors(PostProcessorRegistrationDelegate.java:311)
	at org.springframework.context.support.PostProcessorRegistrationDelegate.invokeBeanFactoryPostProcessors(PostProcessorRegistrationDelegate.java:142)
	at org.springframework.context.support.AbstractApplicationContext.invokeBeanFactoryPostProcessors(AbstractApplicationContext.java:746)
	at org.springframework.context.support.AbstractApplicationContext.refresh(AbstractApplicationContext.java:564)
	at org.springframework.boot.web.servlet.context.ServletWebServerApplicationContext.refresh(ServletWebServerApplicationContext.java:147)
	at org.springframework.boot.SpringApplication.refresh(SpringApplication.java:734)
	at org.springframework.boot.SpringApplication.refreshContext(SpringApplication.java:408)
	at org.springframework.boot.SpringApplication.run(SpringApplication.java:308)
	at org.springframework.boot.SpringApplication.run(SpringApplication.java:1306)
	at org.springframework.boot.SpringApplication.run(SpringApplication.java:1295)
	at com.db.modeler.Application.main(Application.java:10)
